running egg_info
creating ../../build/ola_mundo/ola_mundo.egg-info
writing ../../build/ola_mundo/ola_mundo.egg-info/PKG-INFO
writing dependency_links to ../../build/ola_mundo/ola_mundo.egg-info/dependency_links.txt
writing entry points to ../../build/ola_mundo/ola_mundo.egg-info/entry_points.txt
writing requirements to ../../build/ola_mundo/ola_mundo.egg-info/requires.txt
writing top-level names to ../../build/ola_mundo/ola_mundo.egg-info/top_level.txt
writing manifest file '../../build/ola_mundo/ola_mundo.egg-info/SOURCES.txt'
reading manifest file '../../build/ola_mundo/ola_mundo.egg-info/SOURCES.txt'
writing manifest file '../../build/ola_mundo/ola_mundo.egg-info/SOURCES.txt'
running build
running build_py
creating /home/lidia/pond1/build/ola_mundo/build
creating /home/lidia/pond1/build/ola_mundo/build/lib
creating /home/lidia/pond1/build/ola_mundo/build/lib/ola_mundo
copying ola_mundo/teste.py -> /home/lidia/pond1/build/ola_mundo/build/lib/ola_mundo
copying ola_mundo/__init__.py -> /home/lidia/pond1/build/ola_mundo/build/lib/ola_mundo
running install
running install_lib
creating /home/lidia/pond1/install/ola_mundo/lib/python3.10/site-packages/ola_mundo
copying /home/lidia/pond1/build/ola_mundo/build/lib/ola_mundo/teste.py -> /home/lidia/pond1/install/ola_mundo/lib/python3.10/site-packages/ola_mundo
copying /home/lidia/pond1/build/ola_mundo/build/lib/ola_mundo/__init__.py -> /home/lidia/pond1/install/ola_mundo/lib/python3.10/site-packages/ola_mundo
byte-compiling /home/lidia/pond1/install/ola_mundo/lib/python3.10/site-packages/ola_mundo/teste.py to teste.cpython-310.pyc
byte-compiling /home/lidia/pond1/install/ola_mundo/lib/python3.10/site-packages/ola_mundo/__init__.py to __init__.cpython-310.pyc
running install_data
creating /home/lidia/pond1/install/ola_mundo/share/ament_index
creating /home/lidia/pond1/install/ola_mundo/share/ament_index/resource_index
creating /home/lidia/pond1/install/ola_mundo/share/ament_index/resource_index/packages
copying resource/ola_mundo -> /home/lidia/pond1/install/ola_mundo/share/ament_index/resource_index/packages
copying package.xml -> /home/lidia/pond1/install/ola_mundo/share/ola_mundo
running install_egg_info
Copying ../../build/ola_mundo/ola_mundo.egg-info to /home/lidia/pond1/install/ola_mundo/lib/python3.10/site-packages/ola_mundo-0.0.0-py3.10.egg-info
running install_scripts
writing list of installed files to '/home/lidia/pond1/build/ola_mundo/install.log'
