[0.009s] Invoking command in '/home/lidia/pond1/build/turtlesim': CMAKE_PREFIX_PATH=/opt/ros/humble /usr/bin/cmake /home/lidia/pond1/src/ros_tutorials/turtlesim -DCMAKE_INSTALL_PREFIX=/home/lidia/pond1/install/turtlesim
[0.067s] -- The C compiler identification is GNU 11.4.0
[0.120s] -- The CXX compiler identification is GNU 11.4.0
[0.126s] -- Detecting C compiler ABI info
[0.213s] -- Detecting C compiler ABI info - done
[0.219s] -- Check for working C compiler: /usr/bin/cc - skipped
[0.219s] -- Detecting C compile features
[0.220s] -- Detecting C compile features - done
[0.223s] -- Detecting CXX compiler ABI info
[0.317s] -- Detecting CXX compiler ABI info - done
[0.323s] -- Check for working CXX compiler: /usr/bin/c++ - skipped
[0.323s] -- Detecting CXX compile features
[0.323s] -- Detecting CXX compile features - done
[0.326s] -- Found ament_cmake: 1.3.8 (/opt/ros/humble/share/ament_cmake/cmake)
[0.453s] -- Found Python3: /usr/bin/python3 (found version "3.10.12") found components: Interpreter 
[0.534s] -- Found ament_index_cpp: 1.4.0 (/opt/ros/humble/share/ament_index_cpp/cmake)
[0.539s] -- Found geometry_msgs: 4.2.3 (/opt/ros/humble/share/geometry_msgs/cmake)
[0.571s] -- Found rosidl_generator_c: 3.1.5 (/opt/ros/humble/share/rosidl_generator_c/cmake)
[0.575s] -- Found rosidl_adapter: 3.1.5 (/opt/ros/humble/share/rosidl_adapter/cmake)
[0.582s] -- Found rosidl_generator_cpp: 3.1.5 (/opt/ros/humble/share/rosidl_generator_cpp/cmake)
[0.592s] -- Using all available rosidl_typesupport_c: rosidl_typesupport_fastrtps_c;rosidl_typesupport_introspection_c
[0.610s] -- Using all available rosidl_typesupport_cpp: rosidl_typesupport_fastrtps_cpp;rosidl_typesupport_introspection_cpp
[0.816s] -- Found rclcpp: 16.0.8 (/opt/ros/humble/share/rclcpp/cmake)
[0.871s] -- Found rmw_implementation_cmake: 6.1.1 (/opt/ros/humble/share/rmw_implementation_cmake/cmake)
[0.873s] -- Found rmw_fastrtps_cpp: 6.2.6 (/opt/ros/humble/share/rmw_fastrtps_cpp/cmake)
[0.964s] -- Found OpenSSL: /usr/lib/x86_64-linux-gnu/libcrypto.so (found version "3.0.2")  
[0.987s] -- Found FastRTPS: /opt/ros/humble/include  
[1.025s] -- Using RMW implementation 'rmw_fastrtps_cpp' as default
[1.033s] -- Looking for pthread.h
[1.121s] -- Looking for pthread.h - found
[1.121s] -- Performing Test CMAKE_HAVE_LIBC_PTHREAD
[1.207s] -- Performing Test CMAKE_HAVE_LIBC_PTHREAD - Success
[1.208s] -- Found Threads: TRUE  
[1.332s] -- Found rclcpp_action: 16.0.8 (/opt/ros/humble/share/rclcpp_action/cmake)
[1.411s] -- Found rosidl_default_generators: 1.2.0 (/opt/ros/humble/share/rosidl_default_generators/cmake)
[1.418s] -- Found std_srvs: 4.2.3 (/opt/ros/humble/share/std_srvs/cmake)
[1.691s] -- Found ament_cmake_ros: 0.10.0 (/opt/ros/humble/share/ament_cmake_ros/cmake)
[1.974s] -- Using all available rosidl_typesupport_c: rosidl_typesupport_fastrtps_c;rosidl_typesupport_introspection_c
[2.079s] -- Using all available rosidl_typesupport_cpp: rosidl_typesupport_fastrtps_cpp;rosidl_typesupport_introspection_cpp
[2.097s] -- Found PythonInterp: /usr/bin/python3 (found suitable version "3.10.12", minimum required is "3.6") 
[2.098s] -- Found python_cmake_module: 0.10.0 (/opt/ros/humble/share/python_cmake_module/cmake)
[2.120s] -- Found PythonLibs: /usr/lib/x86_64-linux-gnu/libpython3.10.so (found suitable version "3.10.12", minimum required is "3.5") 
[2.120s] -- Using PYTHON_EXECUTABLE: /usr/bin/python3
[2.120s] -- Using PYTHON_INCLUDE_DIRS: /usr/include/python3.10
[2.120s] -- Using PYTHON_LIBRARIES: /usr/lib/x86_64-linux-gnu/libpython3.10.so
[2.138s] -- Found PythonExtra: .so  
[2.180s] -- Configuring done
[2.224s] -- Generating done
[2.226s] -- Build files have been written to: /home/lidia/pond1/build/turtlesim
[2.239s] Invoked command in '/home/lidia/pond1/build/turtlesim' returned '0': CMAKE_PREFIX_PATH=/opt/ros/humble /usr/bin/cmake /home/lidia/pond1/src/ros_tutorials/turtlesim -DCMAKE_INSTALL_PREFIX=/home/lidia/pond1/install/turtlesim
[2.241s] Invoking command in '/home/lidia/pond1/build/turtlesim': CMAKE_PREFIX_PATH=/opt/ros/humble /usr/bin/cmake --build /home/lidia/pond1/build/turtlesim -- -j8 -l8
[2.278s] [  1%] [34m[1mGenerating C code for ROS interfaces[0m
[2.288s] [  2%] [34m[1mGenerating C++ code for ROS interfaces[0m
[2.295s] [  2%] Built target ament_cmake_python_copy_turtlesim
[2.618s] running egg_info
[2.619s] creating turtlesim.egg-info
[2.619s] writing turtlesim.egg-info/PKG-INFO
[2.619s] writing dependency_links to turtlesim.egg-info/dependency_links.txt
[2.619s] writing top-level names to turtlesim.egg-info/top_level.txt
[2.619s] writing manifest file 'turtlesim.egg-info/SOURCES.txt'
[2.646s] reading manifest file 'turtlesim.egg-info/SOURCES.txt'
[2.646s] writing manifest file 'turtlesim.egg-info/SOURCES.txt'
[2.672s] [  2%] Built target ament_cmake_python_build_turtlesim_egg
[3.187s] [  2%] Built target turtlesim__cpp
[3.201s] [  3%] [34m[1mGenerating C++ type support dispatch for ROS interfaces[0m
[3.210s] [  4%] [34m[1mGenerating C++ type support for eProsima Fast-RTPS[0m
[3.210s] [  5%] [34m[1mGenerating C++ introspection for ROS interfaces[0m
[3.301s] [  6%] [32mBuilding C object CMakeFiles/turtlesim__rosidl_generator_c.dir/rosidl_generator_c/turtlesim/srv/detail/set_pen__functions.c.o[0m
[3.301s] [  8%] [32mBuilding C object CMakeFiles/turtlesim__rosidl_generator_c.dir/rosidl_generator_c/turtlesim/msg/detail/color__functions.c.o[0m
[3.301s] [  8%] [32mBuilding C object CMakeFiles/turtlesim__rosidl_generator_c.dir/rosidl_generator_c/turtlesim/msg/detail/pose__functions.c.o[0m
[3.301s] [  9%] [32mBuilding C object CMakeFiles/turtlesim__rosidl_generator_c.dir/rosidl_generator_c/turtlesim/srv/detail/kill__functions.c.o[0m
[3.301s] [ 10%] [32mBuilding C object CMakeFiles/turtlesim__rosidl_generator_c.dir/rosidl_generator_c/turtlesim/action/detail/rotate_absolute__functions.c.o[0m
[3.405s] [ 11%] [32mBuilding C object CMakeFiles/turtlesim__rosidl_generator_c.dir/rosidl_generator_c/turtlesim/srv/detail/spawn__functions.c.o[0m
[3.422s] [ 12%] [32mBuilding C object CMakeFiles/turtlesim__rosidl_generator_c.dir/rosidl_generator_c/turtlesim/srv/detail/teleport_absolute__functions.c.o[0m
[3.430s] [ 13%] [32mBuilding C object CMakeFiles/turtlesim__rosidl_generator_c.dir/rosidl_generator_c/turtlesim/srv/detail/teleport_relative__functions.c.o[0m
[3.543s] [ 14%] [32m[1mLinking C shared library libturtlesim__rosidl_generator_c.so[0m
[3.620s] [ 14%] Built target turtlesim__rosidl_generator_c
[3.635s] [ 15%] [34m[1mGenerating C type support for eProsima Fast-RTPS[0m
[3.635s] [ 16%] [34m[1mGenerating C type support dispatch for ROS interfaces[0m
[3.635s] [ 17%] [34m[1mGenerating C introspection for ROS interfaces[0m
[4.198s] [ 18%] [32mBuilding CXX object CMakeFiles/turtlesim__rosidl_typesupport_cpp.dir/rosidl_typesupport_cpp/turtlesim/msg/pose__type_support.cpp.o[0m
[4.199s] [ 19%] [32mBuilding CXX object CMakeFiles/turtlesim__rosidl_typesupport_cpp.dir/rosidl_typesupport_cpp/turtlesim/msg/color__type_support.cpp.o[0m
[4.214s] [ 20%] [32mBuilding CXX object CMakeFiles/turtlesim__rosidl_typesupport_cpp.dir/rosidl_typesupport_cpp/turtlesim/action/rotate_absolute__type_support.cpp.o[0m
[4.463s] [ 21%] [32mBuilding CXX object CMakeFiles/turtlesim__rosidl_typesupport_introspection_cpp.dir/rosidl_typesupport_introspection_cpp/turtlesim/action/detail/rotate_absolute__type_support.cpp.o[0m
[4.600s] [ 22%] [32mBuilding CXX object CMakeFiles/turtlesim__rosidl_typesupport_fastrtps_cpp.dir/rosidl_typesupport_fastrtps_cpp/turtlesim/action/detail/dds_fastrtps/rotate_absolute__type_support.cpp.o[0m
[4.724s] [ 23%] [32mBuilding CXX object CMakeFiles/turtlesim__rosidl_typesupport_c.dir/rosidl_typesupport_c/turtlesim/action/rotate_absolute__type_support.cpp.o[0m
[4.875s] [ 24%] [32mBuilding CXX object CMakeFiles/turtlesim__rosidl_typesupport_c.dir/rosidl_typesupport_c/turtlesim/msg/color__type_support.cpp.o[0m
[4.927s] [ 25%] [32mBuilding CXX object CMakeFiles/turtlesim__rosidl_typesupport_c.dir/rosidl_typesupport_c/turtlesim/msg/pose__type_support.cpp.o[0m
[4.975s] [ 26%] [32mBuilding CXX object CMakeFiles/turtlesim__rosidl_typesupport_c.dir/rosidl_typesupport_c/turtlesim/srv/kill__type_support.cpp.o[0m
[5.031s] [ 27%] [32mBuilding CXX object CMakeFiles/turtlesim__rosidl_typesupport_c.dir/rosidl_typesupport_c/turtlesim/srv/set_pen__type_support.cpp.o[0m
[5.091s] [ 28%] [32mBuilding CXX object CMakeFiles/turtlesim__rosidl_typesupport_c.dir/rosidl_typesupport_c/turtlesim/srv/spawn__type_support.cpp.o[0m
[5.138s] [ 29%] [32mBuilding CXX object CMakeFiles/turtlesim__rosidl_typesupport_c.dir/rosidl_typesupport_c/turtlesim/srv/teleport_absolute__type_support.cpp.o[0m
[5.180s] [ 30%] [32mBuilding C object CMakeFiles/turtlesim__rosidl_typesupport_introspection_c.dir/rosidl_typesupport_introspection_c/turtlesim/action/detail/rotate_absolute__type_support.c.o[0m
[5.202s] [ 31%] [32mBuilding CXX object CMakeFiles/turtlesim__rosidl_typesupport_c.dir/rosidl_typesupport_c/turtlesim/srv/teleport_relative__type_support.cpp.o[0m
[5.244s] [ 32%] [32m[1mLinking CXX shared library libturtlesim__rosidl_typesupport_c.so[0m
[5.250s] [ 33%] [32mBuilding C object CMakeFiles/turtlesim__rosidl_typesupport_introspection_c.dir/rosidl_typesupport_introspection_c/turtlesim/msg/detail/color__type_support.c.o[0m
[5.270s] [ 34%] [32mBuilding CXX object CMakeFiles/turtlesim__rosidl_typesupport_fastrtps_cpp.dir/rosidl_typesupport_fastrtps_cpp/turtlesim/msg/detail/dds_fastrtps/color__type_support.cpp.o[0m
[5.283s] [ 35%] [32mBuilding CXX object CMakeFiles/turtlesim__rosidl_typesupport_cpp.dir/rosidl_typesupport_cpp/turtlesim/srv/kill__type_support.cpp.o[0m
[5.310s] [ 36%] [32mBuilding C object CMakeFiles/turtlesim__rosidl_typesupport_introspection_c.dir/rosidl_typesupport_introspection_c/turtlesim/msg/detail/pose__type_support.c.o[0m
[5.325s] [ 37%] [32mBuilding CXX object CMakeFiles/turtlesim__rosidl_typesupport_fastrtps_c.dir/rosidl_typesupport_fastrtps_c/turtlesim/action/detail/rotate_absolute__type_support_c.cpp.o[0m
[5.339s] [ 37%] Built target turtlesim__rosidl_typesupport_c
[5.366s] [ 38%] [32mBuilding CXX object CMakeFiles/turtlesim__rosidl_typesupport_cpp.dir/rosidl_typesupport_cpp/turtlesim/srv/set_pen__type_support.cpp.o[0m
[5.377s] [ 39%] [32mBuilding C object CMakeFiles/turtlesim__rosidl_typesupport_introspection_c.dir/rosidl_typesupport_introspection_c/turtlesim/srv/detail/kill__type_support.c.o[0m
[5.447s] [ 40%] [32mBuilding C object CMakeFiles/turtlesim__rosidl_typesupport_introspection_c.dir/rosidl_typesupport_introspection_c/turtlesim/srv/detail/set_pen__type_support.c.o[0m
[5.568s] [ 41%] [32mBuilding C object CMakeFiles/turtlesim__rosidl_typesupport_introspection_c.dir/rosidl_typesupport_introspection_c/turtlesim/srv/detail/spawn__type_support.c.o[0m
[5.764s] [ 42%] [32mBuilding C object CMakeFiles/turtlesim__rosidl_typesupport_introspection_c.dir/rosidl_typesupport_introspection_c/turtlesim/srv/detail/teleport_absolute__type_support.c.o[0m
[5.831s] [ 43%] [32mBuilding C object CMakeFiles/turtlesim__rosidl_typesupport_introspection_c.dir/rosidl_typesupport_introspection_c/turtlesim/srv/detail/teleport_relative__type_support.c.o[0m
[5.847s] [ 44%] [32mBuilding CXX object CMakeFiles/turtlesim__rosidl_typesupport_fastrtps_c.dir/rosidl_typesupport_fastrtps_c/turtlesim/msg/detail/color__type_support_c.cpp.o[0m
[5.885s] [ 45%] [32mBuilding CXX object CMakeFiles/turtlesim__rosidl_typesupport_cpp.dir/rosidl_typesupport_cpp/turtlesim/srv/spawn__type_support.cpp.o[0m
[5.907s] [ 46%] [32m[1mLinking C shared library libturtlesim__rosidl_typesupport_introspection_c.so[0m
[5.920s] [ 47%] [32mBuilding CXX object CMakeFiles/turtlesim__rosidl_typesupport_cpp.dir/rosidl_typesupport_cpp/turtlesim/srv/teleport_absolute__type_support.cpp.o[0m
[6.029s] [ 47%] Built target turtlesim__rosidl_typesupport_introspection_c
[6.041s] [ 48%] [32mBuilding CXX object CMakeFiles/turtlesim__rosidl_typesupport_fastrtps_cpp.dir/rosidl_typesupport_fastrtps_cpp/turtlesim/msg/detail/dds_fastrtps/pose__type_support.cpp.o[0m
[6.056s] [ 49%] [32mBuilding CXX object CMakeFiles/turtlesim__rosidl_typesupport_fastrtps_cpp.dir/rosidl_typesupport_fastrtps_cpp/turtlesim/srv/detail/dds_fastrtps/kill__type_support.cpp.o[0m
[6.103s] [ 50%] [32mBuilding CXX object CMakeFiles/turtlesim__rosidl_typesupport_fastrtps_c.dir/rosidl_typesupport_fastrtps_c/turtlesim/msg/detail/pose__type_support_c.cpp.o[0m
[6.129s] [ 51%] [32mBuilding CXX object CMakeFiles/turtlesim__rosidl_typesupport_introspection_cpp.dir/rosidl_typesupport_introspection_cpp/turtlesim/msg/detail/color__type_support.cpp.o[0m
[6.185s] [ 52%] [32mBuilding CXX object CMakeFiles/turtlesim__rosidl_typesupport_fastrtps_cpp.dir/rosidl_typesupport_fastrtps_cpp/turtlesim/srv/detail/dds_fastrtps/set_pen__type_support.cpp.o[0m
[6.323s] [ 53%] [32mBuilding CXX object CMakeFiles/turtlesim__rosidl_typesupport_cpp.dir/rosidl_typesupport_cpp/turtlesim/srv/teleport_relative__type_support.cpp.o[0m
[6.339s] [ 54%] [32mBuilding CXX object CMakeFiles/turtlesim__rosidl_typesupport_fastrtps_cpp.dir/rosidl_typesupport_fastrtps_cpp/turtlesim/srv/detail/dds_fastrtps/spawn__type_support.cpp.o[0m
[6.459s] [ 55%] [32mBuilding CXX object CMakeFiles/turtlesim__rosidl_typesupport_fastrtps_c.dir/rosidl_typesupport_fastrtps_c/turtlesim/srv/detail/kill__type_support_c.cpp.o[0m
[6.755s] [ 56%] [32mBuilding CXX object CMakeFiles/turtlesim__rosidl_typesupport_fastrtps_c.dir/rosidl_typesupport_fastrtps_c/turtlesim/srv/detail/set_pen__type_support_c.cpp.o[0m
[6.824s] [ 57%] [32m[1mLinking CXX shared library libturtlesim__rosidl_typesupport_cpp.so[0m
[6.866s] [ 58%] [32mBuilding CXX object CMakeFiles/turtlesim__rosidl_typesupport_fastrtps_cpp.dir/rosidl_typesupport_fastrtps_cpp/turtlesim/srv/detail/dds_fastrtps/teleport_absolute__type_support.cpp.o[0m
[6.866s] [ 59%] [32mBuilding CXX object CMakeFiles/turtlesim__rosidl_typesupport_introspection_cpp.dir/rosidl_typesupport_introspection_cpp/turtlesim/msg/detail/pose__type_support.cpp.o[0m
[6.955s] [ 59%] Built target turtlesim__rosidl_typesupport_cpp
[6.965s] [ 60%] [32mBuilding CXX object CMakeFiles/turtlesim__rosidl_typesupport_fastrtps_cpp.dir/rosidl_typesupport_fastrtps_cpp/turtlesim/srv/detail/dds_fastrtps/teleport_relative__type_support.cpp.o[0m
[6.970s] [ 61%] [32mBuilding CXX object CMakeFiles/turtlesim__rosidl_typesupport_introspection_cpp.dir/rosidl_typesupport_introspection_cpp/turtlesim/srv/detail/kill__type_support.cpp.o[0m
[7.034s] [ 62%] [34m[1mGenerating include/turtlesim/moc_turtle_frame.cpp[0m
[7.089s] [ 63%] [32mBuilding CXX object CMakeFiles/turtlesim__rosidl_typesupport_introspection_cpp.dir/rosidl_typesupport_introspection_cpp/turtlesim/srv/detail/set_pen__type_support.cpp.o[0m
[7.126s] [ 64%] [32mBuilding CXX object CMakeFiles/turtlesim__rosidl_typesupport_fastrtps_c.dir/rosidl_typesupport_fastrtps_c/turtlesim/srv/detail/spawn__type_support_c.cpp.o[0m
[7.361s] [ 65%] [32mBuilding CXX object CMakeFiles/turtlesim__rosidl_typesupport_fastrtps_c.dir/rosidl_typesupport_fastrtps_c/turtlesim/srv/detail/teleport_absolute__type_support_c.cpp.o[0m
[7.524s] [ 66%] [32mBuilding CXX object CMakeFiles/turtlesim__rosidl_typesupport_introspection_cpp.dir/rosidl_typesupport_introspection_cpp/turtlesim/srv/detail/spawn__type_support.cpp.o[0m
[7.637s] [ 67%] [32mBuilding CXX object CMakeFiles/turtlesim__rosidl_typesupport_introspection_cpp.dir/rosidl_typesupport_introspection_cpp/turtlesim/srv/detail/teleport_absolute__type_support.cpp.o[0m
[7.652s] [ 68%] [32mBuilding CXX object CMakeFiles/turtlesim__rosidl_typesupport_introspection_cpp.dir/rosidl_typesupport_introspection_cpp/turtlesim/srv/detail/teleport_relative__type_support.cpp.o[0m
[7.684s] [ 69%] [32mBuilding CXX object CMakeFiles/turtlesim__rosidl_typesupport_fastrtps_c.dir/rosidl_typesupport_fastrtps_c/turtlesim/srv/detail/teleport_relative__type_support_c.cpp.o[0m
[7.692s] [ 70%] [32m[1mLinking CXX shared library libturtlesim__rosidl_typesupport_fastrtps_cpp.so[0m
[7.727s] [ 71%] [32mBuilding CXX object CMakeFiles/turtle_teleop_key.dir/tutorials/teleop_turtle_key.cpp.o[0m
[7.883s] [ 71%] Built target turtlesim__rosidl_typesupport_fastrtps_cpp
[7.923s] [ 72%] [32mBuilding CXX object CMakeFiles/draw_square.dir/tutorials/draw_square.cpp.o[0m
[7.925s] [ 73%] [32mBuilding CXX object CMakeFiles/turtlesim_node.dir/src/turtlesim.cpp.o[0m
[8.008s] [ 74%] [32mBuilding CXX object CMakeFiles/turtlesim_node.dir/src/turtle.cpp.o[0m
[8.198s] [ 75%] [32mBuilding CXX object CMakeFiles/turtlesim_node.dir/src/turtle_frame.cpp.o[0m
[8.216s] [ 76%] [32mBuilding CXX object CMakeFiles/turtlesim_node.dir/include/turtlesim/moc_turtle_frame.cpp.o[0m
[8.268s] [ 77%] [32m[1mLinking CXX shared library libturtlesim__rosidl_typesupport_fastrtps_c.so[0m
[8.309s] [ 78%] [32m[1mLinking CXX shared library libturtlesim__rosidl_typesupport_introspection_cpp.so[0m
[8.419s] [ 78%] Built target turtlesim__rosidl_typesupport_fastrtps_c
[8.456s] [ 79%] [32mBuilding CXX object CMakeFiles/mimic.dir/tutorials/mimic.cpp.o[0m
[8.457s] [ 79%] Built target turtlesim__rosidl_typesupport_introspection_cpp
[8.485s] [ 79%] Built target turtlesim
[8.517s] [ 80%] [34m[1mGenerating Python code for ROS interfaces[0m
[12.944s] [ 80%] Built target turtlesim__py
[12.978s] [ 81%] [32mBuilding C object CMakeFiles/turtlesim__rosidl_generator_py.dir/rosidl_generator_py/turtlesim/action/_rotate_absolute_s.c.o[0m
[14.158s] [ 82%] [32mBuilding C object CMakeFiles/turtlesim__rosidl_generator_py.dir/rosidl_generator_py/turtlesim/msg/_color_s.c.o[0m
[14.533s] [ 83%] [32mBuilding C object CMakeFiles/turtlesim__rosidl_generator_py.dir/rosidl_generator_py/turtlesim/msg/_pose_s.c.o[0m
[15.048s] [ 84%] [32mBuilding C object CMakeFiles/turtlesim__rosidl_generator_py.dir/rosidl_generator_py/turtlesim/srv/_kill_s.c.o[0m
[15.317s] [ 85%] [32mBuilding C object CMakeFiles/turtlesim__rosidl_generator_py.dir/rosidl_generator_py/turtlesim/srv/_set_pen_s.c.o[0m
[15.644s] [ 86%] [32mBuilding C object CMakeFiles/turtlesim__rosidl_generator_py.dir/rosidl_generator_py/turtlesim/srv/_spawn_s.c.o[0m
[15.898s] [ 87%] [32mBuilding C object CMakeFiles/turtlesim__rosidl_generator_py.dir/rosidl_generator_py/turtlesim/srv/_teleport_absolute_s.c.o[0m
[16.104s] [ 88%] [32mBuilding C object CMakeFiles/turtlesim__rosidl_generator_py.dir/rosidl_generator_py/turtlesim/srv/_teleport_relative_s.c.o[0m
[16.393s] [ 89%] [32m[1mLinking C shared library rosidl_generator_py/turtlesim/libturtlesim__rosidl_generator_py.so[0m
[16.759s] [ 89%] Built target turtlesim__rosidl_generator_py
[16.808s] [ 90%] [32mBuilding C object CMakeFiles/turtlesim__rosidl_typesupport_fastrtps_c__pyext.dir/rosidl_generator_py/turtlesim/_turtlesim_s.ep.rosidl_typesupport_fastrtps_c.c.o[0m
[17.016s] [ 91%] [32mBuilding C object CMakeFiles/turtlesim__rosidl_typesupport_introspection_c__pyext.dir/rosidl_generator_py/turtlesim/_turtlesim_s.ep.rosidl_typesupport_introspection_c.c.o[0m
[17.175s] [ 92%] [32mBuilding C object CMakeFiles/turtlesim__rosidl_typesupport_c__pyext.dir/rosidl_generator_py/turtlesim/_turtlesim_s.ep.rosidl_typesupport_c.c.o[0m
[17.189s] [ 93%] [32m[1mLinking C shared library rosidl_generator_py/turtlesim/turtlesim_s__rosidl_typesupport_fastrtps_c.cpython-310-x86_64-linux-gnu.so[0m
[17.365s] [ 94%] [32m[1mLinking C shared library rosidl_generator_py/turtlesim/turtlesim_s__rosidl_typesupport_introspection_c.cpython-310-x86_64-linux-gnu.so[0m
[17.411s] [ 94%] Built target turtlesim__rosidl_typesupport_fastrtps_c__pyext
[17.445s] [ 95%] [32m[1mLinking C shared library rosidl_generator_py/turtlesim/turtlesim_s__rosidl_typesupport_c.cpython-310-x86_64-linux-gnu.so[0m
[17.455s] [ 95%] Built target turtlesim__rosidl_typesupport_introspection_c__pyext
[17.515s] [ 95%] Built target turtlesim__rosidl_typesupport_c__pyext
[20.252s] [ 96%] [32m[1mLinking CXX executable turtle_teleop_key[0m
[21.420s] [ 96%] Built target turtle_teleop_key
[23.297s] [ 97%] [32m[1mLinking CXX executable mimic[0m
[23.854s] [ 97%] Built target mimic
[24.976s] [ 98%] [32m[1mLinking CXX executable draw_square[0m
[25.667s] [ 98%] Built target draw_square
[29.981s] [100%] [32m[1mLinking CXX executable turtlesim_node[0m
[32.339s] [100%] Built target turtlesim_node
[32.356s] Invoked command in '/home/lidia/pond1/build/turtlesim' returned '0': CMAKE_PREFIX_PATH=/opt/ros/humble /usr/bin/cmake --build /home/lidia/pond1/build/turtlesim -- -j8 -l8
[32.638s] Invoking command in '/home/lidia/pond1/build/turtlesim': CMAKE_PREFIX_PATH=/opt/ros/humble /usr/bin/cmake --install /home/lidia/pond1/build/turtlesim
[32.661s] -- Install configuration: ""
[32.664s] -- Installing: /home/lidia/pond1/install/turtlesim/share/ament_index/resource_index/rosidl_interfaces/turtlesim
[32.664s] -- Installing: /home/lidia/pond1/install/turtlesim/include/turtlesim/turtlesim
[32.664s] -- Installing: /home/lidia/pond1/install/turtlesim/include/turtlesim/turtlesim/srv
[32.664s] -- Installing: /home/lidia/pond1/install/turtlesim/include/turtlesim/turtlesim/srv/spawn.h
[32.665s] -- Installing: /home/lidia/pond1/install/turtlesim/include/turtlesim/turtlesim/srv/teleport_relative.h
[32.665s] -- Installing: /home/lidia/pond1/install/turtlesim/include/turtlesim/turtlesim/srv/detail
[32.665s] -- Installing: /home/lidia/pond1/install/turtlesim/include/turtlesim/turtlesim/srv/detail/teleport_relative__functions.c
[32.665s] -- Installing: /home/lidia/pond1/install/turtlesim/include/turtlesim/turtlesim/srv/detail/teleport_absolute__type_support.h
[32.665s] -- Installing: /home/lidia/pond1/install/turtlesim/include/turtlesim/turtlesim/srv/detail/set_pen__struct.h
[32.666s] -- Installing: /home/lidia/pond1/install/turtlesim/include/turtlesim/turtlesim/srv/detail/teleport_relative__type_support.h
[32.666s] -- Installing: /home/lidia/pond1/install/turtlesim/include/turtlesim/turtlesim/srv/detail/spawn__struct.h
[32.666s] -- Installing: /home/lidia/pond1/install/turtlesim/include/turtlesim/turtlesim/srv/detail/kill__type_support.h
[32.666s] -- Installing: /home/lidia/pond1/install/turtlesim/include/turtlesim/turtlesim/srv/detail/spawn__functions.h
[32.667s] -- Installing: /home/lidia/pond1/install/turtlesim/include/turtlesim/turtlesim/srv/detail/spawn__type_support.h
[32.667s] -- Installing: /home/lidia/pond1/install/turtlesim/include/turtlesim/turtlesim/srv/detail/set_pen__functions.h
[32.667s] -- Installing: /home/lidia/pond1/install/turtlesim/include/turtlesim/turtlesim/srv/detail/spawn__functions.c
[32.667s] -- Installing: /home/lidia/pond1/install/turtlesim/include/turtlesim/turtlesim/srv/detail/set_pen__functions.c
[32.668s] -- Installing: /home/lidia/pond1/install/turtlesim/include/turtlesim/turtlesim/srv/detail/teleport_absolute__functions.h
[32.668s] -- Installing: /home/lidia/pond1/install/turtlesim/include/turtlesim/turtlesim/srv/detail/kill__functions.c
[32.668s] -- Installing: /home/lidia/pond1/install/turtlesim/include/turtlesim/turtlesim/srv/detail/set_pen__type_support.h
[32.668s] -- Installing: /home/lidia/pond1/install/turtlesim/include/turtlesim/turtlesim/srv/detail/teleport_absolute__functions.c
[32.669s] -- Installing: /home/lidia/pond1/install/turtlesim/include/turtlesim/turtlesim/srv/detail/kill__struct.h
[32.669s] -- Installing: /home/lidia/pond1/install/turtlesim/include/turtlesim/turtlesim/srv/detail/kill__functions.h
[32.669s] -- Installing: /home/lidia/pond1/install/turtlesim/include/turtlesim/turtlesim/srv/detail/teleport_absolute__struct.h
[32.669s] -- Installing: /home/lidia/pond1/install/turtlesim/include/turtlesim/turtlesim/srv/detail/teleport_relative__functions.h
[32.670s] -- Installing: /home/lidia/pond1/install/turtlesim/include/turtlesim/turtlesim/srv/detail/teleport_relative__struct.h
[32.670s] -- Installing: /home/lidia/pond1/install/turtlesim/include/turtlesim/turtlesim/srv/teleport_absolute.h
[32.670s] -- Installing: /home/lidia/pond1/install/turtlesim/include/turtlesim/turtlesim/srv/kill.h
[32.670s] -- Installing: /home/lidia/pond1/install/turtlesim/include/turtlesim/turtlesim/srv/set_pen.h
[32.670s] -- Installing: /home/lidia/pond1/install/turtlesim/include/turtlesim/turtlesim/msg
[32.670s] -- Installing: /home/lidia/pond1/install/turtlesim/include/turtlesim/turtlesim/msg/pose.h
[32.671s] -- Installing: /home/lidia/pond1/install/turtlesim/include/turtlesim/turtlesim/msg/rosidl_generator_c__visibility_control.h
[32.671s] -- Installing: /home/lidia/pond1/install/turtlesim/include/turtlesim/turtlesim/msg/detail
[32.671s] -- Installing: /home/lidia/pond1/install/turtlesim/include/turtlesim/turtlesim/msg/detail/color__struct.h
[32.671s] -- Installing: /home/lidia/pond1/install/turtlesim/include/turtlesim/turtlesim/msg/detail/pose__type_support.h
[32.671s] -- Installing: /home/lidia/pond1/install/turtlesim/include/turtlesim/turtlesim/msg/detail/pose__struct.h
[32.671s] -- Installing: /home/lidia/pond1/install/turtlesim/include/turtlesim/turtlesim/msg/detail/pose__functions.h
[32.671s] -- Installing: /home/lidia/pond1/install/turtlesim/include/turtlesim/turtlesim/msg/detail/color__functions.c
[32.671s] -- Installing: /home/lidia/pond1/install/turtlesim/include/turtlesim/turtlesim/msg/detail/color__type_support.h
[32.671s] -- Installing: /home/lidia/pond1/install/turtlesim/include/turtlesim/turtlesim/msg/detail/color__functions.h
[32.672s] -- Installing: /home/lidia/pond1/install/turtlesim/include/turtlesim/turtlesim/msg/detail/pose__functions.c
[32.672s] -- Installing: /home/lidia/pond1/install/turtlesim/include/turtlesim/turtlesim/msg/color.h
[32.672s] -- Installing: /home/lidia/pond1/install/turtlesim/include/turtlesim/turtlesim/action
[32.672s] -- Installing: /home/lidia/pond1/install/turtlesim/include/turtlesim/turtlesim/action/rotate_absolute.h
[32.672s] -- Installing: /home/lidia/pond1/install/turtlesim/include/turtlesim/turtlesim/action/detail
[32.672s] -- Installing: /home/lidia/pond1/install/turtlesim/include/turtlesim/turtlesim/action/detail/rotate_absolute__type_support.h
[32.672s] -- Installing: /home/lidia/pond1/install/turtlesim/include/turtlesim/turtlesim/action/detail/rotate_absolute__functions.h
[32.672s] -- Installing: /home/lidia/pond1/install/turtlesim/include/turtlesim/turtlesim/action/detail/rotate_absolute__functions.c
[32.673s] -- Installing: /home/lidia/pond1/install/turtlesim/include/turtlesim/turtlesim/action/detail/rotate_absolute__struct.h
[32.673s] -- Installing: /home/lidia/pond1/install/turtlesim/share/turtlesim/environment/library_path.sh
[32.685s] -- Installing: /home/lidia/pond1/install/turtlesim/share/turtlesim/environment/library_path.dsv
[32.685s] -- Installing: /home/lidia/pond1/install/turtlesim/lib/libturtlesim__rosidl_generator_c.so
[32.686s] -- Set runtime path of "/home/lidia/pond1/install/turtlesim/lib/libturtlesim__rosidl_generator_c.so" to ""
[32.686s] -- Up-to-date: /home/lidia/pond1/install/turtlesim/include/turtlesim/turtlesim
[32.686s] -- Up-to-date: /home/lidia/pond1/install/turtlesim/include/turtlesim/turtlesim/srv
[32.686s] -- Up-to-date: /home/lidia/pond1/install/turtlesim/include/turtlesim/turtlesim/srv/detail
[32.686s] -- Installing: /home/lidia/pond1/install/turtlesim/include/turtlesim/turtlesim/srv/detail/set_pen__rosidl_typesupport_fastrtps_c.h
[32.687s] -- Installing: /home/lidia/pond1/install/turtlesim/include/turtlesim/turtlesim/srv/detail/teleport_absolute__rosidl_typesupport_fastrtps_c.h
[32.687s] -- Installing: /home/lidia/pond1/install/turtlesim/include/turtlesim/turtlesim/srv/detail/kill__rosidl_typesupport_fastrtps_c.h
[32.688s] -- Installing: /home/lidia/pond1/install/turtlesim/include/turtlesim/turtlesim/srv/detail/spawn__rosidl_typesupport_fastrtps_c.h
[32.688s] -- Installing: /home/lidia/pond1/install/turtlesim/include/turtlesim/turtlesim/srv/detail/teleport_relative__rosidl_typesupport_fastrtps_c.h
[32.688s] -- Up-to-date: /home/lidia/pond1/install/turtlesim/include/turtlesim/turtlesim/msg
[32.688s] -- Installing: /home/lidia/pond1/install/turtlesim/include/turtlesim/turtlesim/msg/rosidl_typesupport_fastrtps_c__visibility_control.h
[32.689s] -- Up-to-date: /home/lidia/pond1/install/turtlesim/include/turtlesim/turtlesim/msg/detail
[32.689s] -- Installing: /home/lidia/pond1/install/turtlesim/include/turtlesim/turtlesim/msg/detail/pose__rosidl_typesupport_fastrtps_c.h
[32.689s] -- Installing: /home/lidia/pond1/install/turtlesim/include/turtlesim/turtlesim/msg/detail/color__rosidl_typesupport_fastrtps_c.h
[32.689s] -- Up-to-date: /home/lidia/pond1/install/turtlesim/include/turtlesim/turtlesim/action
[32.690s] -- Up-to-date: /home/lidia/pond1/install/turtlesim/include/turtlesim/turtlesim/action/detail
[32.690s] -- Installing: /home/lidia/pond1/install/turtlesim/include/turtlesim/turtlesim/action/detail/rotate_absolute__rosidl_typesupport_fastrtps_c.h
[32.690s] -- Installing: /home/lidia/pond1/install/turtlesim/lib/libturtlesim__rosidl_typesupport_fastrtps_c.so
[32.691s] -- Set runtime path of "/home/lidia/pond1/install/turtlesim/lib/libturtlesim__rosidl_typesupport_fastrtps_c.so" to ""
[32.691s] -- Up-to-date: /home/lidia/pond1/install/turtlesim/include/turtlesim/turtlesim
[32.691s] -- Up-to-date: /home/lidia/pond1/install/turtlesim/include/turtlesim/turtlesim/srv
[32.691s] -- Installing: /home/lidia/pond1/install/turtlesim/include/turtlesim/turtlesim/srv/set_pen.hpp
[32.691s] -- Up-to-date: /home/lidia/pond1/install/turtlesim/include/turtlesim/turtlesim/srv/detail
[32.692s] -- Installing: /home/lidia/pond1/install/turtlesim/include/turtlesim/turtlesim/srv/detail/kill__struct.hpp
[32.692s] -- Installing: /home/lidia/pond1/install/turtlesim/include/turtlesim/turtlesim/srv/detail/spawn__traits.hpp
[32.692s] -- Installing: /home/lidia/pond1/install/turtlesim/include/turtlesim/turtlesim/srv/detail/teleport_relative__builder.hpp
[32.692s] -- Installing: /home/lidia/pond1/install/turtlesim/include/turtlesim/turtlesim/srv/detail/teleport_relative__traits.hpp
[32.692s] -- Installing: /home/lidia/pond1/install/turtlesim/include/turtlesim/turtlesim/srv/detail/set_pen__traits.hpp
[32.692s] -- Installing: /home/lidia/pond1/install/turtlesim/include/turtlesim/turtlesim/srv/detail/teleport_absolute__builder.hpp
[32.692s] -- Installing: /home/lidia/pond1/install/turtlesim/include/turtlesim/turtlesim/srv/detail/set_pen__struct.hpp
[32.693s] -- Installing: /home/lidia/pond1/install/turtlesim/include/turtlesim/turtlesim/srv/detail/teleport_absolute__traits.hpp
[32.693s] -- Installing: /home/lidia/pond1/install/turtlesim/include/turtlesim/turtlesim/srv/detail/spawn__struct.hpp
[32.693s] -- Installing: /home/lidia/pond1/install/turtlesim/include/turtlesim/turtlesim/srv/detail/teleport_absolute__struct.hpp
[32.693s] -- Installing: /home/lidia/pond1/install/turtlesim/include/turtlesim/turtlesim/srv/detail/kill__traits.hpp
[32.693s] -- Installing: /home/lidia/pond1/install/turtlesim/include/turtlesim/turtlesim/srv/detail/kill__builder.hpp
[32.693s] -- Installing: /home/lidia/pond1/install/turtlesim/include/turtlesim/turtlesim/srv/detail/set_pen__builder.hpp
[32.693s] -- Installing: /home/lidia/pond1/install/turtlesim/include/turtlesim/turtlesim/srv/detail/teleport_relative__struct.hpp
[32.693s] -- Installing: /home/lidia/pond1/install/turtlesim/include/turtlesim/turtlesim/srv/detail/spawn__builder.hpp
[32.694s] -- Installing: /home/lidia/pond1/install/turtlesim/include/turtlesim/turtlesim/srv/spawn.hpp
[32.694s] -- Installing: /home/lidia/pond1/install/turtlesim/include/turtlesim/turtlesim/srv/teleport_relative.hpp
[32.694s] -- Installing: /home/lidia/pond1/install/turtlesim/include/turtlesim/turtlesim/srv/kill.hpp
[32.694s] -- Installing: /home/lidia/pond1/install/turtlesim/include/turtlesim/turtlesim/srv/teleport_absolute.hpp
[32.694s] -- Up-to-date: /home/lidia/pond1/install/turtlesim/include/turtlesim/turtlesim/msg
[32.694s] -- Up-to-date: /home/lidia/pond1/install/turtlesim/include/turtlesim/turtlesim/msg/detail
[32.694s] -- Installing: /home/lidia/pond1/install/turtlesim/include/turtlesim/turtlesim/msg/detail/pose__traits.hpp
[32.694s] -- Installing: /home/lidia/pond1/install/turtlesim/include/turtlesim/turtlesim/msg/detail/color__builder.hpp
[32.695s] -- Installing: /home/lidia/pond1/install/turtlesim/include/turtlesim/turtlesim/msg/detail/color__traits.hpp
[32.695s] -- Installing: /home/lidia/pond1/install/turtlesim/include/turtlesim/turtlesim/msg/detail/pose__builder.hpp
[32.695s] -- Installing: /home/lidia/pond1/install/turtlesim/include/turtlesim/turtlesim/msg/detail/color__struct.hpp
[32.695s] -- Installing: /home/lidia/pond1/install/turtlesim/include/turtlesim/turtlesim/msg/detail/pose__struct.hpp
[32.695s] -- Installing: /home/lidia/pond1/install/turtlesim/include/turtlesim/turtlesim/msg/color.hpp
[32.695s] -- Installing: /home/lidia/pond1/install/turtlesim/include/turtlesim/turtlesim/msg/pose.hpp
[32.695s] -- Up-to-date: /home/lidia/pond1/install/turtlesim/include/turtlesim/turtlesim/action
[32.695s] -- Up-to-date: /home/lidia/pond1/install/turtlesim/include/turtlesim/turtlesim/action/detail
[32.696s] -- Installing: /home/lidia/pond1/install/turtlesim/include/turtlesim/turtlesim/action/detail/rotate_absolute__struct.hpp
[32.696s] -- Installing: /home/lidia/pond1/install/turtlesim/include/turtlesim/turtlesim/action/detail/rotate_absolute__builder.hpp
[32.696s] -- Installing: /home/lidia/pond1/install/turtlesim/include/turtlesim/turtlesim/action/detail/rotate_absolute__traits.hpp
[32.696s] -- Installing: /home/lidia/pond1/install/turtlesim/include/turtlesim/turtlesim/action/rotate_absolute.hpp
[32.696s] -- Up-to-date: /home/lidia/pond1/install/turtlesim/include/turtlesim/turtlesim
[32.696s] -- Up-to-date: /home/lidia/pond1/install/turtlesim/include/turtlesim/turtlesim/srv
[32.696s] -- Up-to-date: /home/lidia/pond1/install/turtlesim/include/turtlesim/turtlesim/srv/detail
[32.696s] -- Installing: /home/lidia/pond1/install/turtlesim/include/turtlesim/turtlesim/srv/detail/teleport_relative__rosidl_typesupport_fastrtps_cpp.hpp
[32.697s] -- Installing: /home/lidia/pond1/install/turtlesim/include/turtlesim/turtlesim/srv/detail/spawn__rosidl_typesupport_fastrtps_cpp.hpp
[32.697s] -- Installing: /home/lidia/pond1/install/turtlesim/include/turtlesim/turtlesim/srv/detail/kill__rosidl_typesupport_fastrtps_cpp.hpp
[32.697s] -- Installing: /home/lidia/pond1/install/turtlesim/include/turtlesim/turtlesim/srv/detail/dds_fastrtps
[32.697s] -- Installing: /home/lidia/pond1/install/turtlesim/include/turtlesim/turtlesim/srv/detail/teleport_absolute__rosidl_typesupport_fastrtps_cpp.hpp
[32.697s] -- Installing: /home/lidia/pond1/install/turtlesim/include/turtlesim/turtlesim/srv/detail/set_pen__rosidl_typesupport_fastrtps_cpp.hpp
[32.697s] -- Up-to-date: /home/lidia/pond1/install/turtlesim/include/turtlesim/turtlesim/msg
[32.697s] -- Up-to-date: /home/lidia/pond1/install/turtlesim/include/turtlesim/turtlesim/msg/detail
[32.697s] -- Installing: /home/lidia/pond1/install/turtlesim/include/turtlesim/turtlesim/msg/detail/dds_fastrtps
[32.698s] -- Installing: /home/lidia/pond1/install/turtlesim/include/turtlesim/turtlesim/msg/detail/pose__rosidl_typesupport_fastrtps_cpp.hpp
[32.698s] -- Installing: /home/lidia/pond1/install/turtlesim/include/turtlesim/turtlesim/msg/detail/color__rosidl_typesupport_fastrtps_cpp.hpp
[32.698s] -- Installing: /home/lidia/pond1/install/turtlesim/include/turtlesim/turtlesim/msg/rosidl_typesupport_fastrtps_cpp__visibility_control.h
[32.698s] -- Up-to-date: /home/lidia/pond1/install/turtlesim/include/turtlesim/turtlesim/action
[32.698s] -- Up-to-date: /home/lidia/pond1/install/turtlesim/include/turtlesim/turtlesim/action/detail
[32.698s] -- Installing: /home/lidia/pond1/install/turtlesim/include/turtlesim/turtlesim/action/detail/rotate_absolute__rosidl_typesupport_fastrtps_cpp.hpp
[32.698s] -- Installing: /home/lidia/pond1/install/turtlesim/include/turtlesim/turtlesim/action/detail/dds_fastrtps
[32.698s] -- Installing: /home/lidia/pond1/install/turtlesim/lib/libturtlesim__rosidl_typesupport_fastrtps_cpp.so
[32.699s] -- Set runtime path of "/home/lidia/pond1/install/turtlesim/lib/libturtlesim__rosidl_typesupport_fastrtps_cpp.so" to ""
[32.699s] -- Up-to-date: /home/lidia/pond1/install/turtlesim/include/turtlesim/turtlesim
[32.699s] -- Up-to-date: /home/lidia/pond1/install/turtlesim/include/turtlesim/turtlesim/srv
[32.699s] -- Up-to-date: /home/lidia/pond1/install/turtlesim/include/turtlesim/turtlesim/srv/detail
[32.699s] -- Installing: /home/lidia/pond1/install/turtlesim/include/turtlesim/turtlesim/srv/detail/set_pen__type_support.c
[32.699s] -- Installing: /home/lidia/pond1/install/turtlesim/include/turtlesim/turtlesim/srv/detail/teleport_absolute__type_support.c
[32.699s] -- Installing: /home/lidia/pond1/install/turtlesim/include/turtlesim/turtlesim/srv/detail/kill__type_support.c
[32.699s] -- Installing: /home/lidia/pond1/install/turtlesim/include/turtlesim/turtlesim/srv/detail/spawn__rosidl_typesupport_introspection_c.h
[32.700s] -- Installing: /home/lidia/pond1/install/turtlesim/include/turtlesim/turtlesim/srv/detail/teleport_absolute__rosidl_typesupport_introspection_c.h
[32.700s] -- Installing: /home/lidia/pond1/install/turtlesim/include/turtlesim/turtlesim/srv/detail/teleport_relative__rosidl_typesupport_introspection_c.h
[32.700s] -- Installing: /home/lidia/pond1/install/turtlesim/include/turtlesim/turtlesim/srv/detail/set_pen__rosidl_typesupport_introspection_c.h
[32.700s] -- Installing: /home/lidia/pond1/install/turtlesim/include/turtlesim/turtlesim/srv/detail/spawn__type_support.c
[32.700s] -- Installing: /home/lidia/pond1/install/turtlesim/include/turtlesim/turtlesim/srv/detail/kill__rosidl_typesupport_introspection_c.h
[32.700s] -- Installing: /home/lidia/pond1/install/turtlesim/include/turtlesim/turtlesim/srv/detail/teleport_relative__type_support.c
[32.700s] -- Up-to-date: /home/lidia/pond1/install/turtlesim/include/turtlesim/turtlesim/msg
[32.701s] -- Up-to-date: /home/lidia/pond1/install/turtlesim/include/turtlesim/turtlesim/msg/detail
[32.701s] -- Installing: /home/lidia/pond1/install/turtlesim/include/turtlesim/turtlesim/msg/detail/color__type_support.c
[32.701s] -- Installing: /home/lidia/pond1/install/turtlesim/include/turtlesim/turtlesim/msg/detail/pose__rosidl_typesupport_introspection_c.h
[32.701s] -- Installing: /home/lidia/pond1/install/turtlesim/include/turtlesim/turtlesim/msg/detail/color__rosidl_typesupport_introspection_c.h
[32.701s] -- Installing: /home/lidia/pond1/install/turtlesim/include/turtlesim/turtlesim/msg/detail/pose__type_support.c
[32.701s] -- Installing: /home/lidia/pond1/install/turtlesim/include/turtlesim/turtlesim/msg/rosidl_typesupport_introspection_c__visibility_control.h
[32.701s] -- Up-to-date: /home/lidia/pond1/install/turtlesim/include/turtlesim/turtlesim/action
[32.702s] -- Up-to-date: /home/lidia/pond1/install/turtlesim/include/turtlesim/turtlesim/action/detail
[32.702s] -- Installing: /home/lidia/pond1/install/turtlesim/include/turtlesim/turtlesim/action/detail/rotate_absolute__type_support.c
[32.702s] -- Installing: /home/lidia/pond1/install/turtlesim/include/turtlesim/turtlesim/action/detail/rotate_absolute__rosidl_typesupport_introspection_c.h
[32.702s] -- Installing: /home/lidia/pond1/install/turtlesim/lib/libturtlesim__rosidl_typesupport_introspection_c.so
[32.702s] -- Set runtime path of "/home/lidia/pond1/install/turtlesim/lib/libturtlesim__rosidl_typesupport_introspection_c.so" to ""
[32.702s] -- Installing: /home/lidia/pond1/install/turtlesim/lib/libturtlesim__rosidl_typesupport_c.so
[32.703s] -- Set runtime path of "/home/lidia/pond1/install/turtlesim/lib/libturtlesim__rosidl_typesupport_c.so" to ""
[32.703s] -- Up-to-date: /home/lidia/pond1/install/turtlesim/include/turtlesim/turtlesim
[32.703s] -- Up-to-date: /home/lidia/pond1/install/turtlesim/include/turtlesim/turtlesim/srv
[32.703s] -- Up-to-date: /home/lidia/pond1/install/turtlesim/include/turtlesim/turtlesim/srv/detail
[32.703s] -- Installing: /home/lidia/pond1/install/turtlesim/include/turtlesim/turtlesim/srv/detail/set_pen__rosidl_typesupport_introspection_cpp.hpp
[32.703s] -- Installing: /home/lidia/pond1/install/turtlesim/include/turtlesim/turtlesim/srv/detail/spawn__type_support.cpp
[32.703s] -- Installing: /home/lidia/pond1/install/turtlesim/include/turtlesim/turtlesim/srv/detail/teleport_absolute__rosidl_typesupport_introspection_cpp.hpp
[32.703s] -- Installing: /home/lidia/pond1/install/turtlesim/include/turtlesim/turtlesim/srv/detail/kill__type_support.cpp
[32.704s] -- Installing: /home/lidia/pond1/install/turtlesim/include/turtlesim/turtlesim/srv/detail/kill__rosidl_typesupport_introspection_cpp.hpp
[32.704s] -- Installing: /home/lidia/pond1/install/turtlesim/include/turtlesim/turtlesim/srv/detail/set_pen__type_support.cpp
[32.704s] -- Installing: /home/lidia/pond1/install/turtlesim/include/turtlesim/turtlesim/srv/detail/teleport_absolute__type_support.cpp
[32.704s] -- Installing: /home/lidia/pond1/install/turtlesim/include/turtlesim/turtlesim/srv/detail/teleport_relative__rosidl_typesupport_introspection_cpp.hpp
[32.704s] -- Installing: /home/lidia/pond1/install/turtlesim/include/turtlesim/turtlesim/srv/detail/teleport_relative__type_support.cpp
[32.704s] -- Installing: /home/lidia/pond1/install/turtlesim/include/turtlesim/turtlesim/srv/detail/spawn__rosidl_typesupport_introspection_cpp.hpp
[32.704s] -- Up-to-date: /home/lidia/pond1/install/turtlesim/include/turtlesim/turtlesim/msg
[32.704s] -- Up-to-date: /home/lidia/pond1/install/turtlesim/include/turtlesim/turtlesim/msg/detail
[32.704s] -- Installing: /home/lidia/pond1/install/turtlesim/include/turtlesim/turtlesim/msg/detail/color__rosidl_typesupport_introspection_cpp.hpp
[32.705s] -- Installing: /home/lidia/pond1/install/turtlesim/include/turtlesim/turtlesim/msg/detail/pose__type_support.cpp
[32.705s] -- Installing: /home/lidia/pond1/install/turtlesim/include/turtlesim/turtlesim/msg/detail/color__type_support.cpp
[32.705s] -- Installing: /home/lidia/pond1/install/turtlesim/include/turtlesim/turtlesim/msg/detail/pose__rosidl_typesupport_introspection_cpp.hpp
[32.705s] -- Up-to-date: /home/lidia/pond1/install/turtlesim/include/turtlesim/turtlesim/action
[32.705s] -- Up-to-date: /home/lidia/pond1/install/turtlesim/include/turtlesim/turtlesim/action/detail
[32.705s] -- Installing: /home/lidia/pond1/install/turtlesim/include/turtlesim/turtlesim/action/detail/rotate_absolute__type_support.cpp
[32.705s] -- Installing: /home/lidia/pond1/install/turtlesim/include/turtlesim/turtlesim/action/detail/rotate_absolute__rosidl_typesupport_introspection_cpp.hpp
[32.705s] -- Installing: /home/lidia/pond1/install/turtlesim/lib/libturtlesim__rosidl_typesupport_introspection_cpp.so
[32.706s] -- Set runtime path of "/home/lidia/pond1/install/turtlesim/lib/libturtlesim__rosidl_typesupport_introspection_cpp.so" to ""
[32.706s] -- Installing: /home/lidia/pond1/install/turtlesim/lib/libturtlesim__rosidl_typesupport_cpp.so
[32.706s] -- Set runtime path of "/home/lidia/pond1/install/turtlesim/lib/libturtlesim__rosidl_typesupport_cpp.so" to ""
[32.706s] -- Installing: /home/lidia/pond1/install/turtlesim/share/turtlesim/environment/pythonpath.sh
[32.706s] -- Installing: /home/lidia/pond1/install/turtlesim/share/turtlesim/environment/pythonpath.dsv
[32.706s] -- Installing: /home/lidia/pond1/install/turtlesim/local/lib/python3.10/dist-packages/turtlesim-1.4.2-py3.10.egg-info
[32.706s] -- Installing: /home/lidia/pond1/install/turtlesim/local/lib/python3.10/dist-packages/turtlesim-1.4.2-py3.10.egg-info/dependency_links.txt
[32.707s] -- Installing: /home/lidia/pond1/install/turtlesim/local/lib/python3.10/dist-packages/turtlesim-1.4.2-py3.10.egg-info/top_level.txt
[32.707s] -- Installing: /home/lidia/pond1/install/turtlesim/local/lib/python3.10/dist-packages/turtlesim-1.4.2-py3.10.egg-info/SOURCES.txt
[32.707s] -- Installing: /home/lidia/pond1/install/turtlesim/local/lib/python3.10/dist-packages/turtlesim-1.4.2-py3.10.egg-info/PKG-INFO
[32.707s] -- Installing: /home/lidia/pond1/install/turtlesim/local/lib/python3.10/dist-packages/turtlesim
[32.707s] -- Installing: /home/lidia/pond1/install/turtlesim/local/lib/python3.10/dist-packages/turtlesim/srv
[32.707s] -- Installing: /home/lidia/pond1/install/turtlesim/local/lib/python3.10/dist-packages/turtlesim/srv/_teleport_absolute.py
[32.707s] -- Installing: /home/lidia/pond1/install/turtlesim/local/lib/python3.10/dist-packages/turtlesim/srv/_spawn_s.c
[32.707s] -- Installing: /home/lidia/pond1/install/turtlesim/local/lib/python3.10/dist-packages/turtlesim/srv/_kill.py
[32.707s] -- Installing: /home/lidia/pond1/install/turtlesim/local/lib/python3.10/dist-packages/turtlesim/srv/_teleport_relative_s.c
[32.708s] -- Installing: /home/lidia/pond1/install/turtlesim/local/lib/python3.10/dist-packages/turtlesim/srv/_teleport_absolute_s.c
[32.708s] -- Installing: /home/lidia/pond1/install/turtlesim/local/lib/python3.10/dist-packages/turtlesim/srv/__init__.py
[32.708s] -- Installing: /home/lidia/pond1/install/turtlesim/local/lib/python3.10/dist-packages/turtlesim/srv/_kill_s.c
[32.708s] -- Installing: /home/lidia/pond1/install/turtlesim/local/lib/python3.10/dist-packages/turtlesim/srv/_teleport_relative.py
[32.708s] -- Installing: /home/lidia/pond1/install/turtlesim/local/lib/python3.10/dist-packages/turtlesim/srv/_set_pen_s.c
[32.708s] -- Installing: /home/lidia/pond1/install/turtlesim/local/lib/python3.10/dist-packages/turtlesim/srv/_spawn.py
[32.708s] -- Installing: /home/lidia/pond1/install/turtlesim/local/lib/python3.10/dist-packages/turtlesim/srv/_set_pen.py
[32.708s] -- Installing: /home/lidia/pond1/install/turtlesim/local/lib/python3.10/dist-packages/turtlesim/_turtlesim_s.ep.rosidl_typesupport_c.c
[32.709s] -- Installing: /home/lidia/pond1/install/turtlesim/local/lib/python3.10/dist-packages/turtlesim/turtlesim_s__rosidl_typesupport_introspection_c.cpython-310-x86_64-linux-gnu.so
[32.709s] -- Installing: /home/lidia/pond1/install/turtlesim/local/lib/python3.10/dist-packages/turtlesim/msg
[32.709s] -- Installing: /home/lidia/pond1/install/turtlesim/local/lib/python3.10/dist-packages/turtlesim/msg/_pose.py
[32.709s] -- Installing: /home/lidia/pond1/install/turtlesim/local/lib/python3.10/dist-packages/turtlesim/msg/_color.py
[32.709s] -- Installing: /home/lidia/pond1/install/turtlesim/local/lib/python3.10/dist-packages/turtlesim/msg/__init__.py
[32.709s] -- Installing: /home/lidia/pond1/install/turtlesim/local/lib/python3.10/dist-packages/turtlesim/msg/_color_s.c
[32.709s] -- Installing: /home/lidia/pond1/install/turtlesim/local/lib/python3.10/dist-packages/turtlesim/msg/_pose_s.c
[32.709s] -- Installing: /home/lidia/pond1/install/turtlesim/local/lib/python3.10/dist-packages/turtlesim/action
[32.709s] -- Installing: /home/lidia/pond1/install/turtlesim/local/lib/python3.10/dist-packages/turtlesim/action/_rotate_absolute_s.c
[32.710s] -- Installing: /home/lidia/pond1/install/turtlesim/local/lib/python3.10/dist-packages/turtlesim/action/_rotate_absolute.py
[32.710s] -- Installing: /home/lidia/pond1/install/turtlesim/local/lib/python3.10/dist-packages/turtlesim/action/__init__.py
[32.710s] -- Installing: /home/lidia/pond1/install/turtlesim/local/lib/python3.10/dist-packages/turtlesim/_turtlesim_s.ep.rosidl_typesupport_fastrtps_c.c
[32.710s] -- Installing: /home/lidia/pond1/install/turtlesim/local/lib/python3.10/dist-packages/turtlesim/__init__.py
[32.710s] -- Installing: /home/lidia/pond1/install/turtlesim/local/lib/python3.10/dist-packages/turtlesim/_turtlesim_s.ep.rosidl_typesupport_introspection_c.c
[32.710s] -- Installing: /home/lidia/pond1/install/turtlesim/local/lib/python3.10/dist-packages/turtlesim/turtlesim_s__rosidl_typesupport_c.cpython-310-x86_64-linux-gnu.so
[32.711s] -- Installing: /home/lidia/pond1/install/turtlesim/local/lib/python3.10/dist-packages/turtlesim/libturtlesim__rosidl_generator_py.so
[32.711s] -- Installing: /home/lidia/pond1/install/turtlesim/local/lib/python3.10/dist-packages/turtlesim/turtlesim_s__rosidl_typesupport_fastrtps_c.cpython-310-x86_64-linux-gnu.so
[32.831s] Listing '/home/lidia/pond1/install/turtlesim/local/lib/python3.10/dist-packages/turtlesim'...
[32.831s] Compiling '/home/lidia/pond1/install/turtlesim/local/lib/python3.10/dist-packages/turtlesim/__init__.py'...
[32.831s] Listing '/home/lidia/pond1/install/turtlesim/local/lib/python3.10/dist-packages/turtlesim/action'...
[32.832s] Compiling '/home/lidia/pond1/install/turtlesim/local/lib/python3.10/dist-packages/turtlesim/action/__init__.py'...
[32.832s] Compiling '/home/lidia/pond1/install/turtlesim/local/lib/python3.10/dist-packages/turtlesim/action/_rotate_absolute.py'...
[32.832s] Listing '/home/lidia/pond1/install/turtlesim/local/lib/python3.10/dist-packages/turtlesim/msg'...
[32.832s] Compiling '/home/lidia/pond1/install/turtlesim/local/lib/python3.10/dist-packages/turtlesim/msg/__init__.py'...
[32.832s] Compiling '/home/lidia/pond1/install/turtlesim/local/lib/python3.10/dist-packages/turtlesim/msg/_color.py'...
[32.832s] Compiling '/home/lidia/pond1/install/turtlesim/local/lib/python3.10/dist-packages/turtlesim/msg/_pose.py'...
[32.832s] Listing '/home/lidia/pond1/install/turtlesim/local/lib/python3.10/dist-packages/turtlesim/srv'...
[32.832s] Compiling '/home/lidia/pond1/install/turtlesim/local/lib/python3.10/dist-packages/turtlesim/srv/__init__.py'...
[32.832s] Compiling '/home/lidia/pond1/install/turtlesim/local/lib/python3.10/dist-packages/turtlesim/srv/_kill.py'...
[32.832s] Compiling '/home/lidia/pond1/install/turtlesim/local/lib/python3.10/dist-packages/turtlesim/srv/_set_pen.py'...
[32.832s] Compiling '/home/lidia/pond1/install/turtlesim/local/lib/python3.10/dist-packages/turtlesim/srv/_spawn.py'...
[32.832s] Compiling '/home/lidia/pond1/install/turtlesim/local/lib/python3.10/dist-packages/turtlesim/srv/_teleport_absolute.py'...
[32.832s] Compiling '/home/lidia/pond1/install/turtlesim/local/lib/python3.10/dist-packages/turtlesim/srv/_teleport_relative.py'...
[32.837s] -- Installing: /home/lidia/pond1/install/turtlesim/local/lib/python3.10/dist-packages/turtlesim/turtlesim_s__rosidl_typesupport_fastrtps_c.cpython-310-x86_64-linux-gnu.so
[32.837s] -- Set runtime path of "/home/lidia/pond1/install/turtlesim/local/lib/python3.10/dist-packages/turtlesim/turtlesim_s__rosidl_typesupport_fastrtps_c.cpython-310-x86_64-linux-gnu.so" to ""
[32.837s] -- Installing: /home/lidia/pond1/install/turtlesim/local/lib/python3.10/dist-packages/turtlesim/turtlesim_s__rosidl_typesupport_introspection_c.cpython-310-x86_64-linux-gnu.so
[32.837s] -- Set runtime path of "/home/lidia/pond1/install/turtlesim/local/lib/python3.10/dist-packages/turtlesim/turtlesim_s__rosidl_typesupport_introspection_c.cpython-310-x86_64-linux-gnu.so" to ""
[32.837s] -- Installing: /home/lidia/pond1/install/turtlesim/local/lib/python3.10/dist-packages/turtlesim/turtlesim_s__rosidl_typesupport_c.cpython-310-x86_64-linux-gnu.so
[32.837s] -- Set runtime path of "/home/lidia/pond1/install/turtlesim/local/lib/python3.10/dist-packages/turtlesim/turtlesim_s__rosidl_typesupport_c.cpython-310-x86_64-linux-gnu.so" to ""
[32.837s] -- Installing: /home/lidia/pond1/install/turtlesim/lib/libturtlesim__rosidl_generator_py.so
[32.837s] -- Set runtime path of "/home/lidia/pond1/install/turtlesim/lib/libturtlesim__rosidl_generator_py.so" to ""
[32.837s] -- Installing: /home/lidia/pond1/install/turtlesim/share/turtlesim/action/RotateAbsolute.idl
[32.838s] -- Installing: /home/lidia/pond1/install/turtlesim/share/turtlesim/msg/Color.idl
[32.838s] -- Installing: /home/lidia/pond1/install/turtlesim/share/turtlesim/msg/Pose.idl
[32.838s] -- Installing: /home/lidia/pond1/install/turtlesim/share/turtlesim/srv/Kill.idl
[32.838s] -- Installing: /home/lidia/pond1/install/turtlesim/share/turtlesim/srv/SetPen.idl
[32.838s] -- Installing: /home/lidia/pond1/install/turtlesim/share/turtlesim/srv/Spawn.idl
[32.838s] -- Installing: /home/lidia/pond1/install/turtlesim/share/turtlesim/srv/TeleportAbsolute.idl
[32.838s] -- Installing: /home/lidia/pond1/install/turtlesim/share/turtlesim/srv/TeleportRelative.idl
[32.838s] -- Installing: /home/lidia/pond1/install/turtlesim/share/turtlesim/action/RotateAbsolute.action
[32.838s] -- Installing: /home/lidia/pond1/install/turtlesim/share/turtlesim/msg/Color.msg
[32.838s] -- Installing: /home/lidia/pond1/install/turtlesim/share/turtlesim/msg/Pose.msg
[32.838s] -- Installing: /home/lidia/pond1/install/turtlesim/share/turtlesim/srv/Kill.srv
[32.839s] -- Installing: /home/lidia/pond1/install/turtlesim/share/turtlesim/srv/Kill_Request.msg
[32.839s] -- Installing: /home/lidia/pond1/install/turtlesim/share/turtlesim/srv/Kill_Response.msg
[32.839s] -- Installing: /home/lidia/pond1/install/turtlesim/share/turtlesim/srv/SetPen.srv
[32.839s] -- Installing: /home/lidia/pond1/install/turtlesim/share/turtlesim/srv/SetPen_Request.msg
[32.839s] -- Installing: /home/lidia/pond1/install/turtlesim/share/turtlesim/srv/SetPen_Response.msg
[32.839s] -- Installing: /home/lidia/pond1/install/turtlesim/share/turtlesim/srv/Spawn.srv
[32.839s] -- Installing: /home/lidia/pond1/install/turtlesim/share/turtlesim/srv/Spawn_Request.msg
[32.839s] -- Installing: /home/lidia/pond1/install/turtlesim/share/turtlesim/srv/Spawn_Response.msg
[32.839s] -- Installing: /home/lidia/pond1/install/turtlesim/share/turtlesim/srv/TeleportAbsolute.srv
[32.839s] -- Installing: /home/lidia/pond1/install/turtlesim/share/turtlesim/srv/TeleportAbsolute_Request.msg
[32.839s] -- Installing: /home/lidia/pond1/install/turtlesim/share/turtlesim/srv/TeleportAbsolute_Response.msg
[32.839s] -- Installing: /home/lidia/pond1/install/turtlesim/share/turtlesim/srv/TeleportRelative.srv
[32.840s] -- Installing: /home/lidia/pond1/install/turtlesim/share/turtlesim/srv/TeleportRelative_Request.msg
[32.840s] -- Installing: /home/lidia/pond1/install/turtlesim/share/turtlesim/srv/TeleportRelative_Response.msg
[32.840s] -- Installing: /home/lidia/pond1/install/turtlesim/lib/turtlesim/turtlesim_node
[32.846s] -- Set runtime path of "/home/lidia/pond1/install/turtlesim/lib/turtlesim/turtlesim_node" to ""
[32.846s] -- Installing: /home/lidia/pond1/install/turtlesim/lib/turtlesim/turtle_teleop_key
[32.847s] -- Set runtime path of "/home/lidia/pond1/install/turtlesim/lib/turtlesim/turtle_teleop_key" to ""
[32.847s] -- Installing: /home/lidia/pond1/install/turtlesim/lib/turtlesim/draw_square
[32.850s] -- Set runtime path of "/home/lidia/pond1/install/turtlesim/lib/turtlesim/draw_square" to ""
[32.850s] -- Installing: /home/lidia/pond1/install/turtlesim/lib/turtlesim/mimic
[32.853s] -- Set runtime path of "/home/lidia/pond1/install/turtlesim/lib/turtlesim/mimic" to ""
[32.853s] -- Installing: /home/lidia/pond1/install/turtlesim/share/turtlesim/images
[32.853s] -- Installing: /home/lidia/pond1/install/turtlesim/share/turtlesim/images/humble.png
[32.853s] -- Installing: /home/lidia/pond1/install/turtlesim/share/turtlesim/images/dashing.png
[32.853s] -- Installing: /home/lidia/pond1/install/turtlesim/share/turtlesim/images/eloquent.png
[32.853s] -- Installing: /home/lidia/pond1/install/turtlesim/share/turtlesim/images/crystal.png
[32.853s] -- Installing: /home/lidia/pond1/install/turtlesim/share/turtlesim/images/rolling.png
[32.853s] -- Installing: /home/lidia/pond1/install/turtlesim/share/turtlesim/images/galactic.png
[32.853s] -- Installing: /home/lidia/pond1/install/turtlesim/share/turtlesim/images/ardent.png
[32.853s] -- Installing: /home/lidia/pond1/install/turtlesim/share/turtlesim/images/foxy.png
[32.853s] -- Installing: /home/lidia/pond1/install/turtlesim/share/turtlesim/images/bouncy.png
[32.853s] -- Installing: /home/lidia/pond1/install/turtlesim/share/turtlesim/launch
[32.853s] -- Installing: /home/lidia/pond1/install/turtlesim/share/turtlesim/launch/multisim.launch.py
[32.853s] -- Installing: /home/lidia/pond1/install/turtlesim/share/ament_index/resource_index/package_run_dependencies/turtlesim
[32.854s] -- Installing: /home/lidia/pond1/install/turtlesim/share/ament_index/resource_index/parent_prefix_path/turtlesim
[32.854s] -- Installing: /home/lidia/pond1/install/turtlesim/share/turtlesim/environment/ament_prefix_path.sh
[32.865s] -- Installing: /home/lidia/pond1/install/turtlesim/share/turtlesim/environment/ament_prefix_path.dsv
[32.865s] -- Installing: /home/lidia/pond1/install/turtlesim/share/turtlesim/environment/path.sh
[32.877s] -- Installing: /home/lidia/pond1/install/turtlesim/share/turtlesim/environment/path.dsv
[32.877s] -- Installing: /home/lidia/pond1/install/turtlesim/share/turtlesim/local_setup.bash
[32.877s] -- Installing: /home/lidia/pond1/install/turtlesim/share/turtlesim/local_setup.sh
[32.877s] -- Installing: /home/lidia/pond1/install/turtlesim/share/turtlesim/local_setup.zsh
[32.878s] -- Installing: /home/lidia/pond1/install/turtlesim/share/turtlesim/local_setup.dsv
[32.878s] -- Installing: /home/lidia/pond1/install/turtlesim/share/turtlesim/package.dsv
[32.878s] -- Installing: /home/lidia/pond1/install/turtlesim/share/ament_index/resource_index/packages/turtlesim
[32.878s] -- Installing: /home/lidia/pond1/install/turtlesim/share/turtlesim/cmake/export_turtlesim__rosidl_generator_cExport.cmake
[32.878s] -- Installing: /home/lidia/pond1/install/turtlesim/share/turtlesim/cmake/export_turtlesim__rosidl_generator_cExport-noconfig.cmake
[32.878s] -- Installing: /home/lidia/pond1/install/turtlesim/share/turtlesim/cmake/export_turtlesim__rosidl_typesupport_fastrtps_cExport.cmake
[32.879s] -- Installing: /home/lidia/pond1/install/turtlesim/share/turtlesim/cmake/export_turtlesim__rosidl_typesupport_fastrtps_cExport-noconfig.cmake
[32.879s] -- Installing: /home/lidia/pond1/install/turtlesim/share/turtlesim/cmake/export_turtlesim__rosidl_generator_cppExport.cmake
[32.879s] -- Installing: /home/lidia/pond1/install/turtlesim/share/turtlesim/cmake/export_turtlesim__rosidl_typesupport_fastrtps_cppExport.cmake
[32.879s] -- Installing: /home/lidia/pond1/install/turtlesim/share/turtlesim/cmake/export_turtlesim__rosidl_typesupport_fastrtps_cppExport-noconfig.cmake
[32.879s] -- Installing: /home/lidia/pond1/install/turtlesim/share/turtlesim/cmake/turtlesim__rosidl_typesupport_introspection_cExport.cmake
[32.879s] -- Installing: /home/lidia/pond1/install/turtlesim/share/turtlesim/cmake/turtlesim__rosidl_typesupport_introspection_cExport-noconfig.cmake
[32.880s] -- Installing: /home/lidia/pond1/install/turtlesim/share/turtlesim/cmake/turtlesim__rosidl_typesupport_cExport.cmake
[32.880s] -- Installing: /home/lidia/pond1/install/turtlesim/share/turtlesim/cmake/turtlesim__rosidl_typesupport_cExport-noconfig.cmake
[32.880s] -- Installing: /home/lidia/pond1/install/turtlesim/share/turtlesim/cmake/turtlesim__rosidl_typesupport_introspection_cppExport.cmake
[32.880s] -- Installing: /home/lidia/pond1/install/turtlesim/share/turtlesim/cmake/turtlesim__rosidl_typesupport_introspection_cppExport-noconfig.cmake
[32.881s] -- Installing: /home/lidia/pond1/install/turtlesim/share/turtlesim/cmake/turtlesim__rosidl_typesupport_cppExport.cmake
[32.881s] -- Installing: /home/lidia/pond1/install/turtlesim/share/turtlesim/cmake/turtlesim__rosidl_typesupport_cppExport-noconfig.cmake
[32.881s] -- Installing: /home/lidia/pond1/install/turtlesim/share/turtlesim/cmake/export_turtlesim__rosidl_generator_pyExport.cmake
[32.881s] -- Installing: /home/lidia/pond1/install/turtlesim/share/turtlesim/cmake/export_turtlesim__rosidl_generator_pyExport-noconfig.cmake
[32.881s] -- Installing: /home/lidia/pond1/install/turtlesim/share/turtlesim/cmake/rosidl_cmake-extras.cmake
[32.881s] -- Installing: /home/lidia/pond1/install/turtlesim/share/turtlesim/cmake/ament_cmake_export_dependencies-extras.cmake
[32.881s] -- Installing: /home/lidia/pond1/install/turtlesim/share/turtlesim/cmake/ament_cmake_export_include_directories-extras.cmake
[32.882s] -- Installing: /home/lidia/pond1/install/turtlesim/share/turtlesim/cmake/ament_cmake_export_libraries-extras.cmake
[32.882s] -- Installing: /home/lidia/pond1/install/turtlesim/share/turtlesim/cmake/ament_cmake_export_targets-extras.cmake
[32.882s] -- Installing: /home/lidia/pond1/install/turtlesim/share/turtlesim/cmake/rosidl_cmake_export_typesupport_targets-extras.cmake
[32.882s] -- Installing: /home/lidia/pond1/install/turtlesim/share/turtlesim/cmake/rosidl_cmake_export_typesupport_libraries-extras.cmake
[32.882s] -- Installing: /home/lidia/pond1/install/turtlesim/share/turtlesim/cmake/turtlesimConfig.cmake
[32.882s] -- Installing: /home/lidia/pond1/install/turtlesim/share/turtlesim/cmake/turtlesimConfig-version.cmake
[32.882s] -- Installing: /home/lidia/pond1/install/turtlesim/share/turtlesim/package.xml
[32.899s] Invoked command in '/home/lidia/pond1/build/turtlesim' returned '0': CMAKE_PREFIX_PATH=/opt/ros/humble /usr/bin/cmake --install /home/lidia/pond1/build/turtlesim
