[0.421s] Invoking command in '/home/lidia/pond1/src/ola_mundo': PYTHONPATH=/home/lidia/pond1/build/ola_mundo/prefix_override:/home/lidia/pond1/install/ola_mundo/lib/python3.10/site-packages:${PYTHONPATH} /usr/bin/python3 -W ignore:setup.py install is deprecated setup.py egg_info --egg-base ../../build/ola_mundo build --build-base /home/lidia/pond1/build/ola_mundo/build install --record /home/lidia/pond1/build/ola_mundo/install.log --single-version-externally-managed install_data
[0.584s] running egg_info
[0.584s] writing ../../build/ola_mundo/ola_mundo.egg-info/PKG-INFO
[0.584s] writing dependency_links to ../../build/ola_mundo/ola_mundo.egg-info/dependency_links.txt
[0.584s] writing entry points to ../../build/ola_mundo/ola_mundo.egg-info/entry_points.txt
[0.584s] writing requirements to ../../build/ola_mundo/ola_mundo.egg-info/requires.txt
[0.584s] writing top-level names to ../../build/ola_mundo/ola_mundo.egg-info/top_level.txt
[0.586s] reading manifest file '../../build/ola_mundo/ola_mundo.egg-info/SOURCES.txt'
[0.586s] writing manifest file '../../build/ola_mundo/ola_mundo.egg-info/SOURCES.txt'
[0.586s] running build
[0.586s] running build_py
[0.586s] copying ola_mundo/teste.py -> /home/lidia/pond1/build/ola_mundo/build/lib/ola_mundo
[0.587s] running install
[0.587s] running install_lib
[0.587s] copying /home/lidia/pond1/build/ola_mundo/build/lib/ola_mundo/teste.py -> /home/lidia/pond1/install/ola_mundo/lib/python3.10/site-packages/ola_mundo
[0.588s] byte-compiling /home/lidia/pond1/install/ola_mundo/lib/python3.10/site-packages/ola_mundo/teste.py to teste.cpython-310.pyc
[0.588s] running install_data
[0.588s] running install_egg_info
[0.590s] removing '/home/lidia/pond1/install/ola_mundo/lib/python3.10/site-packages/ola_mundo-0.0.0-py3.10.egg-info' (and everything under it)
[0.590s] Copying ../../build/ola_mundo/ola_mundo.egg-info to /home/lidia/pond1/install/ola_mundo/lib/python3.10/site-packages/ola_mundo-0.0.0-py3.10.egg-info
[0.591s] running install_scripts
[0.607s] Installing ola script to /home/lidia/pond1/install/ola_mundo/lib/ola_mundo
[0.607s] writing list of installed files to '/home/lidia/pond1/build/ola_mundo/install.log'
[0.627s] Invoked command in '/home/lidia/pond1/src/ola_mundo' returned '0': PYTHONPATH=/home/lidia/pond1/build/ola_mundo/prefix_override:/home/lidia/pond1/install/ola_mundo/lib/python3.10/site-packages:${PYTHONPATH} /usr/bin/python3 -W ignore:setup.py install is deprecated setup.py egg_info --egg-base ../../build/ola_mundo build --build-base /home/lidia/pond1/build/ola_mundo/build install --record /home/lidia/pond1/build/ola_mundo/install.log --single-version-externally-managed install_data
