[0.548s] Invoking command in '/home/lidia/Mod6Pond1/src/ola_mundo': PYTHONPATH=/home/lidia/Mod6Pond1/build/ola_mundo/prefix_override:/home/lidia/Mod6Pond1/install/ola_mundo/lib/python3.10/site-packages:${PYTHONPATH} /usr/bin/python3 -W ignore:setup.py install is deprecated setup.py egg_info --egg-base ../../build/ola_mundo build --build-base /home/lidia/Mod6Pond1/build/ola_mundo/build install --record /home/lidia/Mod6Pond1/build/ola_mundo/install.log --single-version-externally-managed install_data
[0.796s] running egg_info
[0.796s] writing ../../build/ola_mundo/ola_mundo.egg-info/PKG-INFO
[0.796s] writing dependency_links to ../../build/ola_mundo/ola_mundo.egg-info/dependency_links.txt
[0.796s] writing entry points to ../../build/ola_mundo/ola_mundo.egg-info/entry_points.txt
[0.796s] writing requirements to ../../build/ola_mundo/ola_mundo.egg-info/requires.txt
[0.796s] writing top-level names to ../../build/ola_mundo/ola_mundo.egg-info/top_level.txt
[0.798s] reading manifest file '../../build/ola_mundo/ola_mundo.egg-info/SOURCES.txt'
[0.799s] writing manifest file '../../build/ola_mundo/ola_mundo.egg-info/SOURCES.txt'
[0.799s] running build
[0.799s] running build_py
[0.799s] running install
[0.800s] running install_lib
[0.802s] running install_data
[0.802s] running install_egg_info
[0.804s] removing '/home/lidia/Mod6Pond1/install/ola_mundo/lib/python3.10/site-packages/ola_mundo-0.0.0-py3.10.egg-info' (and everything under it)
[0.805s] Copying ../../build/ola_mundo/ola_mundo.egg-info to /home/lidia/Mod6Pond1/install/ola_mundo/lib/python3.10/site-packages/ola_mundo-0.0.0-py3.10.egg-info
[0.806s] running install_scripts
[0.830s] Installing ola script to /home/lidia/Mod6Pond1/install/ola_mundo/lib/ola_mundo
[0.830s] writing list of installed files to '/home/lidia/Mod6Pond1/build/ola_mundo/install.log'
[0.857s] Invoked command in '/home/lidia/Mod6Pond1/src/ola_mundo' returned '0': PYTHONPATH=/home/lidia/Mod6Pond1/build/ola_mundo/prefix_override:/home/lidia/Mod6Pond1/install/ola_mundo/lib/python3.10/site-packages:${PYTHONPATH} /usr/bin/python3 -W ignore:setup.py install is deprecated setup.py egg_info --egg-base ../../build/ola_mundo build --build-base /home/lidia/Mod6Pond1/build/ola_mundo/build install --record /home/lidia/Mod6Pond1/build/ola_mundo/install.log --single-version-externally-managed install_data
