[0.546s] Invoking command in '/home/lidia/Mod6Pond1/src/ola_mundo': PYTHONPATH=/home/lidia/Mod6Pond1/build/ola_mundo/prefix_override:/home/lidia/Mod6Pond1/install/ola_mundo/lib/python3.10/site-packages:${PYTHONPATH} /usr/bin/python3 -W ignore:setup.py install is deprecated setup.py egg_info --egg-base ../../build/ola_mundo build --build-base /home/lidia/Mod6Pond1/build/ola_mundo/build install --record /home/lidia/Mod6Pond1/build/ola_mundo/install.log --single-version-externally-managed install_data
[0.749s] running egg_info
[0.749s] writing ../../build/ola_mundo/ola_mundo.egg-info/PKG-INFO
[0.749s] writing dependency_links to ../../build/ola_mundo/ola_mundo.egg-info/dependency_links.txt
[0.749s] writing entry points to ../../build/ola_mundo/ola_mundo.egg-info/entry_points.txt
[0.749s] writing requirements to ../../build/ola_mundo/ola_mundo.egg-info/requires.txt
[0.750s] writing top-level names to ../../build/ola_mundo/ola_mundo.egg-info/top_level.txt
[0.751s] reading manifest file '../../build/ola_mundo/ola_mundo.egg-info/SOURCES.txt'
[0.752s] writing manifest file '../../build/ola_mundo/ola_mundo.egg-info/SOURCES.txt'
[0.752s] running build
[0.752s] running build_py
[0.753s] copying ola_mundo/teste.py -> /home/lidia/Mod6Pond1/build/ola_mundo/build/lib/ola_mundo
[0.753s] running install
[0.753s] running install_lib
[0.753s] copying /home/lidia/Mod6Pond1/build/ola_mundo/build/lib/ola_mundo/teste.py -> /home/lidia/Mod6Pond1/install/ola_mundo/lib/python3.10/site-packages/ola_mundo
[0.754s] byte-compiling /home/lidia/Mod6Pond1/install/ola_mundo/lib/python3.10/site-packages/ola_mundo/teste.py to teste.cpython-310.pyc
[0.755s] running install_data
[0.755s] running install_egg_info
[0.756s] removing '/home/lidia/Mod6Pond1/install/ola_mundo/lib/python3.10/site-packages/ola_mundo-0.0.0-py3.10.egg-info' (and everything under it)
[0.757s] Copying ../../build/ola_mundo/ola_mundo.egg-info to /home/lidia/Mod6Pond1/install/ola_mundo/lib/python3.10/site-packages/ola_mundo-0.0.0-py3.10.egg-info
[0.757s] running install_scripts
[0.778s] Installing ola script to /home/lidia/Mod6Pond1/install/ola_mundo/lib/ola_mundo
[0.778s] writing list of installed files to '/home/lidia/Mod6Pond1/build/ola_mundo/install.log'
[0.798s] Invoked command in '/home/lidia/Mod6Pond1/src/ola_mundo' returned '0': PYTHONPATH=/home/lidia/Mod6Pond1/build/ola_mundo/prefix_override:/home/lidia/Mod6Pond1/install/ola_mundo/lib/python3.10/site-packages:${PYTHONPATH} /usr/bin/python3 -W ignore:setup.py install is deprecated setup.py egg_info --egg-base ../../build/ola_mundo build --build-base /home/lidia/Mod6Pond1/build/ola_mundo/build install --record /home/lidia/Mod6Pond1/build/ola_mundo/install.log --single-version-externally-managed install_data
