[0.595s] Invoking command in '/home/lidia/pond1/src/ola_mundo': PYTHONPATH=/home/lidia/pond1/build/ola_mundo/prefix_override:/home/lidia/pond1/install/ola_mundo/lib/python3.10/site-packages:${PYTHONPATH} /usr/bin/python3 -W ignore:setup.py install is deprecated setup.py egg_info --egg-base ../../build/ola_mundo build --build-base /home/lidia/pond1/build/ola_mundo/build install --record /home/lidia/pond1/build/ola_mundo/install.log --single-version-externally-managed install_data
[0.834s] running egg_info
[0.835s] writing ../../build/ola_mundo/ola_mundo.egg-info/PKG-INFO
[0.836s] writing dependency_links to ../../build/ola_mundo/ola_mundo.egg-info/dependency_links.txt
[0.836s] writing entry points to ../../build/ola_mundo/ola_mundo.egg-info/entry_points.txt
[0.836s] writing requirements to ../../build/ola_mundo/ola_mundo.egg-info/requires.txt
[0.836s] writing top-level names to ../../build/ola_mundo/ola_mundo.egg-info/top_level.txt
[0.836s] reading manifest file '../../build/ola_mundo/ola_mundo.egg-info/SOURCES.txt'
[0.836s] writing manifest file '../../build/ola_mundo/ola_mundo.egg-info/SOURCES.txt'
[0.836s] running build
[0.836s] running build_py
[0.837s] running install
[0.837s] running install_lib
[0.838s] running install_data
[0.838s] copying package.xml -> /home/lidia/pond1/install/ola_mundo/share/ola_mundo
[0.838s] running install_egg_info
[0.840s] removing '/home/lidia/pond1/install/ola_mundo/lib/python3.10/site-packages/ola_mundo-0.0.0-py3.10.egg-info' (and everything under it)
[0.840s] Copying ../../build/ola_mundo/ola_mundo.egg-info to /home/lidia/pond1/install/ola_mundo/lib/python3.10/site-packages/ola_mundo-0.0.0-py3.10.egg-info
[0.841s] running install_scripts
[0.862s] Installing ola script to /home/lidia/pond1/install/ola_mundo/lib/ola_mundo
[0.862s] writing list of installed files to '/home/lidia/pond1/build/ola_mundo/install.log'
[0.894s] Invoked command in '/home/lidia/pond1/src/ola_mundo' returned '0': PYTHONPATH=/home/lidia/pond1/build/ola_mundo/prefix_override:/home/lidia/pond1/install/ola_mundo/lib/python3.10/site-packages:${PYTHONPATH} /usr/bin/python3 -W ignore:setup.py install is deprecated setup.py egg_info --egg-base ../../build/ola_mundo build --build-base /home/lidia/pond1/build/ola_mundo/build install --record /home/lidia/pond1/build/ola_mundo/install.log --single-version-externally-managed install_data
