[0.512s] Invoking command in '/home/lidia/pond1/src/ola_mundo': AMENT_PREFIX_PATH=/home/lidia/pond1/install/turtlesim:${AMENT_PREFIX_PATH} CMAKE_PREFIX_PATH=/home/lidia/pond1/install/turtlesim LD_LIBRARY_PATH=/home/lidia/pond1/install/turtlesim/lib:${LD_LIBRARY_PATH} PYTHONPATH=/home/lidia/pond1/build/ola_mundo/prefix_override:/home/lidia/pond1/install/ola_mundo/lib/python3.10/site-packages:/home/lidia/pond1/install/turtlesim/local/lib/python3.10/dist-packages:${PYTHONPATH} /usr/bin/python3 -W ignore:setup.py install is deprecated setup.py egg_info --egg-base ../../build/ola_mundo build --build-base /home/lidia/pond1/build/ola_mundo/build install --record /home/lidia/pond1/build/ola_mundo/install.log --single-version-externally-managed install_data
[0.677s] running egg_info
[0.677s] writing ../../build/ola_mundo/ola_mundo.egg-info/PKG-INFO
[0.677s] writing dependency_links to ../../build/ola_mundo/ola_mundo.egg-info/dependency_links.txt
[0.678s] writing entry points to ../../build/ola_mundo/ola_mundo.egg-info/entry_points.txt
[0.678s] writing requirements to ../../build/ola_mundo/ola_mundo.egg-info/requires.txt
[0.678s] writing top-level names to ../../build/ola_mundo/ola_mundo.egg-info/top_level.txt
[0.679s] reading manifest file '../../build/ola_mundo/ola_mundo.egg-info/SOURCES.txt'
[0.680s] writing manifest file '../../build/ola_mundo/ola_mundo.egg-info/SOURCES.txt'
[0.680s] running build
[0.680s] running build_py
[0.680s] copying ola_mundo/teste.py -> /home/lidia/pond1/build/ola_mundo/build/lib/ola_mundo
[0.680s] running install
[0.680s] running install_lib
[0.681s] copying /home/lidia/pond1/build/ola_mundo/build/lib/ola_mundo/teste.py -> /home/lidia/pond1/install/ola_mundo/lib/python3.10/site-packages/ola_mundo
[0.681s] byte-compiling /home/lidia/pond1/install/ola_mundo/lib/python3.10/site-packages/ola_mundo/teste.py to teste.cpython-310.pyc
[0.682s] running install_data
[0.683s] running install_egg_info
[0.684s] removing '/home/lidia/pond1/install/ola_mundo/lib/python3.10/site-packages/ola_mundo-0.0.0-py3.10.egg-info' (and everything under it)
[0.684s] Copying ../../build/ola_mundo/ola_mundo.egg-info to /home/lidia/pond1/install/ola_mundo/lib/python3.10/site-packages/ola_mundo-0.0.0-py3.10.egg-info
[0.685s] running install_scripts
[0.702s] Installing ola script to /home/lidia/pond1/install/ola_mundo/lib/ola_mundo
[0.702s] writing list of installed files to '/home/lidia/pond1/build/ola_mundo/install.log'
[0.723s] Invoked command in '/home/lidia/pond1/src/ola_mundo' returned '0': AMENT_PREFIX_PATH=/home/lidia/pond1/install/turtlesim:${AMENT_PREFIX_PATH} CMAKE_PREFIX_PATH=/home/lidia/pond1/install/turtlesim LD_LIBRARY_PATH=/home/lidia/pond1/install/turtlesim/lib:${LD_LIBRARY_PATH} PYTHONPATH=/home/lidia/pond1/build/ola_mundo/prefix_override:/home/lidia/pond1/install/ola_mundo/lib/python3.10/site-packages:/home/lidia/pond1/install/turtlesim/local/lib/python3.10/dist-packages:${PYTHONPATH} /usr/bin/python3 -W ignore:setup.py install is deprecated setup.py egg_info --egg-base ../../build/ola_mundo build --build-base /home/lidia/pond1/build/ola_mundo/build install --record /home/lidia/pond1/build/ola_mundo/install.log --single-version-externally-managed install_data
